  [1m[35m (3.5ms)[0m  [1m[34mSELECT sqlite_version(*)[0m
  [1m[35m (1.7ms)[0m  [1m[35mCREATE TABLE "schema_migrations" ("version" varchar NOT NULL PRIMARY KEY)[0m
  [1m[35m (1.3ms)[0m  [1m[35mCREATE TABLE "ar_internal_metadata" ("key" varchar NOT NULL PRIMARY KEY, "value" varchar, "created_at" datetime(6) NOT NULL, "updated_at" datetime(6) NOT NULL)[0m
  [1m[35m (0.2ms)[0m  [1m[34mSELECT "schema_migrations"."version" FROM "schema_migrations" ORDER BY "schema_migrations"."version" ASC[0m
Migrating to CreateVisits (20200709110918)
  [1m[35m (0.1ms)[0m  [1m[36mbegin transaction[0m
  [1m[35m (0.8ms)[0m  [1m[35mCREATE TABLE "visits" ("id" integer PRIMARY KEY AUTOINCREMENT NOT NULL, "date" date, "completed" boolean, "food_pantry" varchar, "created_at" datetime(6) NOT NULL, "updated_at" datetime(6) NOT NULL)[0m
  [1m[36mprimary::SchemaMigration Create (0.2ms)[0m  [1m[32mINSERT INTO "schema_migrations" ("version") VALUES (?)[0m  [["version", "20200709110918"]]
  [1m[35m (1.0ms)[0m  [1m[36mcommit transaction[0m
Migrating to CreateItems (20200709111047)
  [1m[35m (0.1ms)[0m  [1m[36mbegin transaction[0m
  [1m[35m (0.6ms)[0m  [1m[35mCREATE TABLE "items" ("id" integer PRIMARY KEY AUTOINCREMENT NOT NULL, "name" varchar, "quantity" integer, "visit_id" integer, "created_at" datetime(6) NOT NULL, "updated_at" datetime(6) NOT NULL, CONSTRAINT "fk_rails_b086c93c6f"
FOREIGN KEY ("visit_id")
  REFERENCES "visits" ("id")
)[0m
  [1m[35m (0.2ms)[0m  [1m[35mCREATE  INDEX "index_items_on_visit_id" ON "items" ("visit_id")[0m
  [1m[36mprimary::SchemaMigration Create (0.2ms)[0m  [1m[32mINSERT INTO "schema_migrations" ("version") VALUES (?)[0m  [["version", "20200709111047"]]
  [1m[35m (1.1ms)[0m  [1m[36mcommit transaction[0m
  [1m[36mActiveRecord::InternalMetadata Load (0.2ms)[0m  [1m[34mSELECT "ar_internal_metadata".* FROM "ar_internal_metadata" WHERE "ar_internal_metadata"."key" = ? LIMIT ?[0m  [["key", "environment"], ["LIMIT", 1]]
  [1m[35m (0.1ms)[0m  [1m[36mbegin transaction[0m
  [1m[36mActiveRecord::InternalMetadata Create (0.6ms)[0m  [1m[32mINSERT INTO "ar_internal_metadata" ("key", "value", "created_at", "updated_at") VALUES (?, ?, ?, ?)[0m  [["key", "environment"], ["value", "development"], ["created_at", "2020-07-09 11:19:09.748547"], ["updated_at", "2020-07-09 11:19:09.748547"]]
  [1m[35m (1.5ms)[0m  [1m[36mcommit transaction[0m
  [1m[35m (0.1ms)[0m  [1m[34mSELECT sqlite_version(*)[0m
  [1m[35m (0.2ms)[0m  [1m[34mSELECT "schema_migrations"."version" FROM "schema_migrations" ORDER BY "schema_migrations"."version" ASC[0m
  [1m[35m (0.6ms)[0m  [1m[34mSELECT sqlite_version(*)[0m
  [1m[35m (1.3ms)[0m  [1m[34mSELECT sqlite_version(*)[0m
  [1m[35m (0.3ms)[0m  [1m[34mSELECT "schema_migrations"."version" FROM "schema_migrations" ORDER BY "schema_migrations"."version" ASC[0m
  [1m[35m (0.1ms)[0m  [1m[34mSELECT sqlite_version(*)[0m
  [1m[35m (0.1ms)[0m  [1m[36mbegin transaction[0m
  [1m[36mVisit Create (2.2ms)[0m  [1m[32mINSERT INTO "visits" ("date", "food_pantry", "created_at", "updated_at") VALUES (?, ?, ?, ?)[0m  [["date", "2020-07-01"], ["food_pantry", "His Church Anglican"], ["created_at", "2020-07-09 11:28:32.282339"], ["updated_at", "2020-07-09 11:28:32.282339"]]
  [1m[35m (1.3ms)[0m  [1m[36mcommit transaction[0m
  [1m[35m (0.1ms)[0m  [1m[36mbegin transaction[0m
  [1m[36mVisit Create (0.5ms)[0m  [1m[32mINSERT INTO "visits" ("date", "food_pantry", "created_at", "updated_at") VALUES (?, ?, ?, ?)[0m  [["date", "2020-07-02"], ["food_pantry", "12th Street Food Pantry"], ["created_at", "2020-07-09 11:28:32.299103"], ["updated_at", "2020-07-09 11:28:32.299103"]]
  [1m[35m (1.2ms)[0m  [1m[36mcommit transaction[0m
  [1m[35m (0.1ms)[0m  [1m[36mbegin transaction[0m
  [1m[36mVisit Create (0.4ms)[0m  [1m[32mINSERT INTO "visits" ("date", "food_pantry", "created_at", "updated_at") VALUES (?, ?, ?, ?)[0m  [["date", "2020-07-03"], ["food_pantry", "His Church Anglican"], ["created_at", "2020-07-09 11:28:32.311762"], ["updated_at", "2020-07-09 11:28:32.311762"]]
  [1m[35m (1.1ms)[0m  [1m[36mcommit transaction[0m
  [1m[35m (0.1ms)[0m  [1m[36mbegin transaction[0m
  [1m[36mVisit Create (0.4ms)[0m  [1m[32mINSERT INTO "visits" ("date", "food_pantry", "created_at", "updated_at") VALUES (?, ?, ?, ?)[0m  [["date", "2020-07-04"], ["food_pantry", "12th Street Food Pantry"], ["created_at", "2020-07-09 11:28:32.319157"], ["updated_at", "2020-07-09 11:28:32.319157"]]
  [1m[35m (1.3ms)[0m  [1m[36mcommit transaction[0m
  [1m[35m (0.1ms)[0m  [1m[36mbegin transaction[0m
  [1m[36mVisit Create (0.4ms)[0m  [1m[32mINSERT INTO "visits" ("date", "food_pantry", "created_at", "updated_at") VALUES (?, ?, ?, ?)[0m  [["date", "2020-07-05"], ["food_pantry", "His Church Anglican"], ["created_at", "2020-07-09 11:28:32.325631"], ["updated_at", "2020-07-09 11:28:32.325631"]]
  [1m[35m (1.0ms)[0m  [1m[36mcommit transaction[0m
  [1m[35m (0.1ms)[0m  [1m[36mbegin transaction[0m
  [1m[36mVisit Create (0.5ms)[0m  [1m[32mINSERT INTO "visits" ("date", "food_pantry", "created_at", "updated_at") VALUES (?, ?, ?, ?)[0m  [["date", "2020-07-06"], ["food_pantry", "12th Street Food Pantry"], ["created_at", "2020-07-09 11:28:32.332330"], ["updated_at", "2020-07-09 11:28:32.332330"]]
  [1m[35m (1.0ms)[0m  [1m[36mcommit transaction[0m
  [1m[35m (0.1ms)[0m  [1m[36mbegin transaction[0m
  [1m[36mVisit Load (0.3ms)[0m  [1m[34mSELECT "visits".* FROM "visits" WHERE "visits"."id" = ? LIMIT ?[0m  [["id", 1], ["LIMIT", 1]]
  [1m[36mItem Create (1.4ms)[0m  [1m[32mINSERT INTO "items" ("name", "quantity", "visit_id", "created_at", "updated_at") VALUES (?, ?, ?, ?, ?)[0m  [["name", "Bar Soap"], ["quantity", 2], ["visit_id", 1], ["created_at", "2020-07-09 11:28:32.394813"], ["updated_at", "2020-07-09 11:28:32.394813"]]
  [1m[35m (1.2ms)[0m  [1m[36mcommit transaction[0m
  [1m[35m (0.1ms)[0m  [1m[36mbegin transaction[0m
  [1m[36mVisit Load (0.2ms)[0m  [1m[34mSELECT "visits".* FROM "visits" WHERE "visits"."id" = ? LIMIT ?[0m  [["id", 1], ["LIMIT", 1]]
  [1m[36mItem Create (0.5ms)[0m  [1m[32mINSERT INTO "items" ("name", "quantity", "visit_id", "created_at", "updated_at") VALUES (?, ?, ?, ?, ?)[0m  [["name", "Cereal"], ["quantity", 1], ["visit_id", 1], ["created_at", "2020-07-09 11:28:32.404055"], ["updated_at", "2020-07-09 11:28:32.404055"]]
  [1m[35m (1.0ms)[0m  [1m[36mcommit transaction[0m
  [1m[35m (0.1ms)[0m  [1m[36mbegin transaction[0m
  [1m[36mVisit Load (0.1ms)[0m  [1m[34mSELECT "visits".* FROM "visits" WHERE "visits"."id" = ? LIMIT ?[0m  [["id", 1], ["LIMIT", 1]]
  [1m[36mItem Create (0.5ms)[0m  [1m[32mINSERT INTO "items" ("name", "quantity", "visit_id", "created_at", "updated_at") VALUES (?, ?, ?, ?, ?)[0m  [["name", "Tomato Soup"], ["quantity", 4], ["visit_id", 1], ["created_at", "2020-07-09 11:28:32.411275"], ["updated_at", "2020-07-09 11:28:32.411275"]]
  [1m[35m (1.1ms)[0m  [1m[36mcommit transaction[0m
  [1m[35m (0.0ms)[0m  [1m[36mbegin transaction[0m
  [1m[36mVisit Load (0.2ms)[0m  [1m[34mSELECT "visits".* FROM "visits" WHERE "visits"."id" = ? LIMIT ?[0m  [["id", 2], ["LIMIT", 1]]
  [1m[36mItem Create (0.6ms)[0m  [1m[32mINSERT INTO "items" ("name", "quantity", "visit_id", "created_at", "updated_at") VALUES (?, ?, ?, ?, ?)[0m  [["name", "Diapers"], ["quantity", 1], ["visit_id", 2], ["created_at", "2020-07-09 11:28:32.419309"], ["updated_at", "2020-07-09 11:28:32.419309"]]
  [1m[35m (1.1ms)[0m  [1m[36mcommit transaction[0m
  [1m[35m (0.1ms)[0m  [1m[36mbegin transaction[0m
  [1m[36mVisit Load (0.2ms)[0m  [1m[34mSELECT "visits".* FROM "visits" WHERE "visits"."id" = ? LIMIT ?[0m  [["id", 2], ["LIMIT", 1]]
  [1m[36mItem Create (0.4ms)[0m  [1m[32mINSERT INTO "items" ("name", "quantity", "visit_id", "created_at", "updated_at") VALUES (?, ?, ?, ?, ?)[0m  [["name", "Canned Black Beans"], ["quantity", 2], ["visit_id", 2], ["created_at", "2020-07-09 11:28:32.426960"], ["updated_at", "2020-07-09 11:28:32.426960"]]
  [1m[35m (1.0ms)[0m  [1m[36mcommit transaction[0m
  [1m[35m (0.1ms)[0m  [1m[36mbegin transaction[0m
  [1m[36mVisit Load (0.2ms)[0m  [1m[34mSELECT "visits".* FROM "visits" WHERE "visits"."id" = ? LIMIT ?[0m  [["id", 2], ["LIMIT", 1]]
  [1m[36mItem Create (0.5ms)[0m  [1m[32mINSERT INTO "items" ("name", "quantity", "visit_id", "created_at", "updated_at") VALUES (?, ?, ?, ?, ?)[0m  [["name", "Cookies"], ["quantity", 4], ["visit_id", 2], ["created_at", "2020-07-09 11:28:32.434038"], ["updated_at", "2020-07-09 11:28:32.434038"]]
  [1m[35m (1.0ms)[0m  [1m[36mcommit transaction[0m
  [1m[35m (0.1ms)[0m  [1m[36mbegin transaction[0m
  [1m[36mVisit Load (0.1ms)[0m  [1m[34mSELECT "visits".* FROM "visits" WHERE "visits"."id" = ? LIMIT ?[0m  [["id", 3], ["LIMIT", 1]]
  [1m[36mItem Create (0.4ms)[0m  [1m[32mINSERT INTO "items" ("name", "quantity", "visit_id", "created_at", "updated_at") VALUES (?, ?, ?, ?, ?)[0m  [["name", "Dish Soap"], ["quantity", 4], ["visit_id", 3], ["created_at", "2020-07-09 11:28:32.441143"], ["updated_at", "2020-07-09 11:28:32.441143"]]
  [1m[35m (1.0ms)[0m  [1m[36mcommit transaction[0m
  [1m[35m (0.1ms)[0m  [1m[36mbegin transaction[0m
  [1m[36mVisit Load (0.2ms)[0m  [1m[34mSELECT "visits".* FROM "visits" WHERE "visits"."id" = ? LIMIT ?[0m  [["id", 3], ["LIMIT", 1]]
  [1m[36mItem Create (0.4ms)[0m  [1m[32mINSERT INTO "items" ("name", "quantity", "visit_id", "created_at", "updated_at") VALUES (?, ?, ?, ?, ?)[0m  [["name", "Nutrigrain Bars"], ["quantity", 2], ["visit_id", 3], ["created_at", "2020-07-09 11:28:32.448649"], ["updated_at", "2020-07-09 11:28:32.448649"]]
  [1m[35m (1.0ms)[0m  [1m[36mcommit transaction[0m
  [1m[35m (0.1ms)[0m  [1m[36mbegin transaction[0m
  [1m[36mVisit Load (0.2ms)[0m  [1m[34mSELECT "visits".* FROM "visits" WHERE "visits"."id" = ? LIMIT ?[0m  [["id", 3], ["LIMIT", 1]]
  [1m[36mItem Create (0.4ms)[0m  [1m[32mINSERT INTO "items" ("name", "quantity", "visit_id", "created_at", "updated_at") VALUES (?, ?, ?, ?, ?)[0m  [["name", "Canned Peaches"], ["quantity", 1], ["visit_id", 3], ["created_at", "2020-07-09 11:28:32.455721"], ["updated_at", "2020-07-09 11:28:32.455721"]]
  [1m[35m (1.0ms)[0m  [1m[36mcommit transaction[0m
  [1m[35m (0.1ms)[0m  [1m[36mbegin transaction[0m
  [1m[36mVisit Load (0.2ms)[0m  [1m[34mSELECT "visits".* FROM "visits" WHERE "visits"."id" = ? LIMIT ?[0m  [["id", 4], ["LIMIT", 1]]
  [1m[36mItem Create (0.9ms)[0m  [1m[32mINSERT INTO "items" ("name", "quantity", "visit_id", "created_at", "updated_at") VALUES (?, ?, ?, ?, ?)[0m  [["name", "Canned Green Beans"], ["quantity", 4], ["visit_id", 4], ["created_at", "2020-07-09 11:28:32.463858"], ["updated_at", "2020-07-09 11:28:32.463858"]]
  [1m[35m (1.0ms)[0m  [1m[36mcommit transaction[0m
  [1m[35m (0.1ms)[0m  [1m[36mbegin transaction[0m
  [1m[36mVisit Load (0.2ms)[0m  [1m[34mSELECT "visits".* FROM "visits" WHERE "visits"."id" = ? LIMIT ?[0m  [["id", 4], ["LIMIT", 1]]
  [1m[36mItem Create (0.5ms)[0m  [1m[32mINSERT INTO "items" ("name", "quantity", "visit_id", "created_at", "updated_at") VALUES (?, ?, ?, ?, ?)[0m  [["name", "Candy"], ["quantity", 2], ["visit_id", 4], ["created_at", "2020-07-09 11:28:32.473934"], ["updated_at", "2020-07-09 11:28:32.473934"]]
  [1m[35m (0.9ms)[0m  [1m[36mcommit transaction[0m
  [1m[35m (0.1ms)[0m  [1m[36mbegin transaction[0m
  [1m[36mVisit Load (0.1ms)[0m  [1m[34mSELECT "visits".* FROM "visits" WHERE "visits"."id" = ? LIMIT ?[0m  [["id", 4], ["LIMIT", 1]]
  [1m[36mItem Create (0.5ms)[0m  [1m[32mINSERT INTO "items" ("name", "quantity", "visit_id", "created_at", "updated_at") VALUES (?, ?, ?, ?, ?)[0m  [["name", "Chicken Noodle Soup"], ["quantity", 4], ["visit_id", 4], ["created_at", "2020-07-09 11:28:32.482072"], ["updated_at", "2020-07-09 11:28:32.482072"]]
  [1m[35m (0.9ms)[0m  [1m[36mcommit transaction[0m
  [1m[35m (0.1ms)[0m  [1m[36mbegin transaction[0m
  [1m[36mVisit Load (0.2ms)[0m  [1m[34mSELECT "visits".* FROM "visits" WHERE "visits"."id" = ? LIMIT ?[0m  [["id", 5], ["LIMIT", 1]]
  [1m[36mItem Create (0.5ms)[0m  [1m[32mINSERT INTO "items" ("name", "quantity", "visit_id", "created_at", "updated_at") VALUES (?, ?, ?, ?, ?)[0m  [["name", "Hand Soap"], ["quantity", 2], ["visit_id", 5], ["created_at", "2020-07-09 11:28:32.490948"], ["updated_at", "2020-07-09 11:28:32.490948"]]
  [1m[35m (0.9ms)[0m  [1m[36mcommit transaction[0m
  [1m[35m (0.1ms)[0m  [1m[36mbegin transaction[0m
  [1m[36mVisit Load (0.2ms)[0m  [1m[34mSELECT "visits".* FROM "visits" WHERE "visits"."id" = ? LIMIT ?[0m  [["id", 5], ["LIMIT", 1]]
  [1m[36mItem Create (0.5ms)[0m  [1m[32mINSERT INTO "items" ("name", "quantity", "visit_id", "created_at", "updated_at") VALUES (?, ?, ?, ?, ?)[0m  [["name", "Cereal"], ["quantity", 1], ["visit_id", 5], ["created_at", "2020-07-09 11:28:32.499080"], ["updated_at", "2020-07-09 11:28:32.499080"]]
  [1m[35m (1.0ms)[0m  [1m[36mcommit transaction[0m
  [1m[35m (0.1ms)[0m  [1m[36mbegin transaction[0m
  [1m[36mVisit Load (0.2ms)[0m  [1m[34mSELECT "visits".* FROM "visits" WHERE "visits"."id" = ? LIMIT ?[0m  [["id", 5], ["LIMIT", 1]]
  [1m[36mItem Create (0.5ms)[0m  [1m[32mINSERT INTO "items" ("name", "quantity", "visit_id", "created_at", "updated_at") VALUES (?, ?, ?, ?, ?)[0m  [["name", "Canned Black Beans"], ["quantity", 4], ["visit_id", 5], ["created_at", "2020-07-09 11:28:32.508493"], ["updated_at", "2020-07-09 11:28:32.508493"]]
  [1m[35m (0.8ms)[0m  [1m[36mcommit transaction[0m
  [1m[35m (0.1ms)[0m  [1m[36mbegin transaction[0m
  [1m[36mVisit Load (0.1ms)[0m  [1m[34mSELECT "visits".* FROM "visits" WHERE "visits"."id" = ? LIMIT ?[0m  [["id", 6], ["LIMIT", 1]]
  [1m[36mItem Create (0.6ms)[0m  [1m[32mINSERT INTO "items" ("name", "quantity", "visit_id", "created_at", "updated_at") VALUES (?, ?, ?, ?, ?)[0m  [["name", "Canned Tuna"], ["quantity", 2], ["visit_id", 6], ["created_at", "2020-07-09 11:28:32.516695"], ["updated_at", "2020-07-09 11:28:32.516695"]]
  [1m[35m (1.6ms)[0m  [1m[36mcommit transaction[0m
  [1m[35m (0.1ms)[0m  [1m[36mbegin transaction[0m
  [1m[36mVisit Load (0.1ms)[0m  [1m[34mSELECT "visits".* FROM "visits" WHERE "visits"."id" = ? LIMIT ?[0m  [["id", 6], ["LIMIT", 1]]
  [1m[36mItem Create (0.4ms)[0m  [1m[32mINSERT INTO "items" ("name", "quantity", "visit_id", "created_at", "updated_at") VALUES (?, ?, ?, ?, ?)[0m  [["name", "Bar Soap"], ["quantity", 4], ["visit_id", 6], ["created_at", "2020-07-09 11:28:32.527247"], ["updated_at", "2020-07-09 11:28:32.527247"]]
  [1m[35m (0.9ms)[0m  [1m[36mcommit transaction[0m
  [1m[35m (0.1ms)[0m  [1m[36mbegin transaction[0m
  [1m[36mVisit Load (0.2ms)[0m  [1m[34mSELECT "visits".* FROM "visits" WHERE "visits"."id" = ? LIMIT ?[0m  [["id", 6], ["LIMIT", 1]]
  [1m[36mItem Create (0.5ms)[0m  [1m[32mINSERT INTO "items" ("name", "quantity", "visit_id", "created_at", "updated_at") VALUES (?, ?, ?, ?, ?)[0m  [["name", "Cookies"], ["quantity", 1], ["visit_id", 6], ["created_at", "2020-07-09 11:28:32.536276"], ["updated_at", "2020-07-09 11:28:32.536276"]]
  [1m[35m (1.0ms)[0m  [1m[36mcommit transaction[0m
  [1m[35m (0.7ms)[0m  [1m[34mSELECT sqlite_version(*)[0m
  [1m[36mVisit Load (0.3ms)[0m  [1m[34mSELECT "visits".* FROM "visits" ORDER BY "visits"."id" DESC LIMIT ?[0m  [["LIMIT", 1]]
  [1m[36mItem Load (0.2ms)[0m  [1m[34mSELECT "items".* FROM "items" ORDER BY "items"."id" DESC LIMIT ?[0m  [["LIMIT", 1]]
  [1m[36mItem Load (0.3ms)[0m  [1m[34mSELECT "items".* FROM "items" ORDER BY "items"."id" DESC LIMIT ?[0m  [["LIMIT", 1]]
  [1m[36mVisit Load (0.3ms)[0m  [1m[34mSELECT "visits".* FROM "visits" WHERE "visits"."id" = ? LIMIT ?[0m  [["id", 6], ["LIMIT", 1]]
  [1m[36mItem Load (0.3ms)[0m  [1m[34mSELECT "items".* FROM "items" ORDER BY "items"."id" DESC LIMIT ?[0m  [["LIMIT", 1]]
  [1m[36mVisit Load (0.2ms)[0m  [1m[34mSELECT "visits".* FROM "visits" WHERE "visits"."id" = ? LIMIT ?[0m  [["id", 6], ["LIMIT", 1]]
  [1m[36mVisit Load (0.3ms)[0m  [1m[34mSELECT "visits".* FROM "visits" ORDER BY "visits"."id" DESC LIMIT ?[0m  [["LIMIT", 1]]
  [1m[36mItem Load (0.3ms)[0m  [1m[34mSELECT "items".* FROM "items" WHERE "items"."visit_id" = ? LIMIT ?[0m  [["visit_id", 6], ["LIMIT", 11]]
  [1m[36mVisit Load (1.0ms)[0m  [1m[34mSELECT "visits".* FROM "visits" ORDER BY "visits"."id" DESC LIMIT ?[0m  [["LIMIT", 1]]
  [1m[36mItem Load (0.4ms)[0m  [1m[34mSELECT "items".* FROM "items" WHERE "items"."visit_id" = ? ORDER BY "items"."id" DESC LIMIT ?[0m  [["visit_id", 6], ["LIMIT", 1]]
  [1m[35m (1.7ms)[0m  [1m[34mSELECT sqlite_version(*)[0m
  [1m[36mVisit Load (0.6ms)[0m  [1m[34mSELECT "visits".* FROM "visits" ORDER BY "visits"."id" DESC LIMIT ?[0m  [["LIMIT", 1]]
  [1m[36mItem Load (0.6ms)[0m  [1m[34mSELECT "items".* FROM "items" ORDER BY "items"."id" ASC LIMIT ?[0m  [["LIMIT", 1]]
  [1m[36mVisit Load (0.2ms)[0m  [1m[34mSELECT "visits".* FROM "visits" WHERE "visits"."id" = ? LIMIT ?[0m  [["id", 1], ["LIMIT", 1]]
  [1m[36mItem Load (0.2ms)[0m  [1m[34mSELECT "items".* FROM "items" ORDER BY "items"."id" ASC LIMIT ?[0m  [["LIMIT", 1]]
  [1m[36mVisit Load (0.3ms)[0m  [1m[34mSELECT "visits".* FROM "visits" WHERE "visits"."id" = ? LIMIT ?[0m  [["id", 1], ["LIMIT", 1]]
Started GET "/items" for ::1 at 2020-07-09 07:37:53 -0400
  [1m[35m (2.8ms)[0m  [1m[34mSELECT sqlite_version(*)[0m
  [1m[35m (0.5ms)[0m  [1m[34mSELECT "schema_migrations"."version" FROM "schema_migrations" ORDER BY "schema_migrations"."version" ASC[0m
Processing by ItemsController#index as HTML
  [1m[36mItem Load (1.3ms)[0m  [1m[34mSELECT "items".* FROM "items"[0m
  ↳ app/controllers/items_controller.rb:8:in `index'
Completed 200 OK in 100ms (Views: 70.0ms | ActiveRecord: 3.2ms | Allocations: 8655)


Started GET "/visits" for ::1 at 2020-07-09 07:38:02 -0400
Processing by VisitsController#index as HTML
  [1m[36mVisit Load (4.3ms)[0m  [1m[34mSELECT "visits".* FROM "visits"[0m
  ↳ app/controllers/visits_controller.rb:8:in `index'
Completed 200 OK in 63ms (Views: 31.9ms | ActiveRecord: 7.6ms | Allocations: 6845)


Started GET "/items" for ::1 at 2020-07-09 07:48:59 -0400
  [1m[35m (2.6ms)[0m  [1m[34mSELECT sqlite_version(*)[0m
  [1m[35m (1.8ms)[0m  [1m[34mSELECT "schema_migrations"."version" FROM "schema_migrations" ORDER BY "schema_migrations"."version" ASC[0m
Processing by ItemsController#index as HTML
  [1m[36mItem Load (1.8ms)[0m  [1m[34mSELECT "items".* FROM "items"[0m
  ↳ app/controllers/items_controller.rb:8:in `index'
[active_model_serializers]   [1m[36mVisit Load (0.6ms)[0m  [1m[34mSELECT "visits".* FROM "visits" WHERE "visits"."id" = ? LIMIT ?[0m  [["id", 1], ["LIMIT", 1]]
[active_model_serializers]   ↳ app/controllers/items_controller.rb:8:in `index'
[active_model_serializers]   [1m[36mCACHE Visit Load (0.0ms)[0m  [1m[34mSELECT "visits".* FROM "visits" WHERE "visits"."id" = ? LIMIT ?[0m  [["id", 1], ["LIMIT", 1]]
[active_model_serializers]   ↳ app/controllers/items_controller.rb:8:in `index'
[active_model_serializers]   [1m[36mCACHE Visit Load (0.2ms)[0m  [1m[34mSELECT "visits".* FROM "visits" WHERE "visits"."id" = ? LIMIT ?[0m  [["id", 1], ["LIMIT", 1]]
[active_model_serializers]   ↳ app/controllers/items_controller.rb:8:in `index'
[active_model_serializers]   [1m[36mVisit Load (0.3ms)[0m  [1m[34mSELECT "visits".* FROM "visits" WHERE "visits"."id" = ? LIMIT ?[0m  [["id", 2], ["LIMIT", 1]]
[active_model_serializers]   ↳ app/controllers/items_controller.rb:8:in `index'
[active_model_serializers]   [1m[36mCACHE Visit Load (0.0ms)[0m  [1m[34mSELECT "visits".* FROM "visits" WHERE "visits"."id" = ? LIMIT ?[0m  [["id", 2], ["LIMIT", 1]]
[active_model_serializers]   ↳ app/controllers/items_controller.rb:8:in `index'
[active_model_serializers]   [1m[36mCACHE Visit Load (0.0ms)[0m  [1m[34mSELECT "visits".* FROM "visits" WHERE "visits"."id" = ? LIMIT ?[0m  [["id", 2], ["LIMIT", 1]]
[active_model_serializers]   ↳ app/controllers/items_controller.rb:8:in `index'
[active_model_serializers]   [1m[36mVisit Load (0.5ms)[0m  [1m[34mSELECT "visits".* FROM "visits" WHERE "visits"."id" = ? LIMIT ?[0m  [["id", 3], ["LIMIT", 1]]
[active_model_serializers]   ↳ app/controllers/items_controller.rb:8:in `index'
[active_model_serializers]   [1m[36mCACHE Visit Load (0.0ms)[0m  [1m[34mSELECT "visits".* FROM "visits" WHERE "visits"."id" = ? LIMIT ?[0m  [["id", 3], ["LIMIT", 1]]
[active_model_serializers]   ↳ app/controllers/items_controller.rb:8:in `index'
[active_model_serializers]   [1m[36mCACHE Visit Load (0.0ms)[0m  [1m[34mSELECT "visits".* FROM "visits" WHERE "visits"."id" = ? LIMIT ?[0m  [["id", 3], ["LIMIT", 1]]
[active_model_serializers]   ↳ app/controllers/items_controller.rb:8:in `index'
[active_model_serializers]   [1m[36mVisit Load (0.2ms)[0m  [1m[34mSELECT "visits".* FROM "visits" WHERE "visits"."id" = ? LIMIT ?[0m  [["id", 4], ["LIMIT", 1]]
[active_model_serializers]   ↳ app/controllers/items_controller.rb:8:in `index'
[active_model_serializers]   [1m[36mCACHE Visit Load (0.0ms)[0m  [1m[34mSELECT "visits".* FROM "visits" WHERE "visits"."id" = ? LIMIT ?[0m  [["id", 4], ["LIMIT", 1]]
[active_model_serializers]   ↳ app/controllers/items_controller.rb:8:in `index'
[active_model_serializers]   [1m[36mCACHE Visit Load (0.0ms)[0m  [1m[34mSELECT "visits".* FROM "visits" WHERE "visits"."id" = ? LIMIT ?[0m  [["id", 4], ["LIMIT", 1]]
[active_model_serializers]   ↳ app/controllers/items_controller.rb:8:in `index'
[active_model_serializers]   [1m[36mVisit Load (25.4ms)[0m  [1m[34mSELECT "visits".* FROM "visits" WHERE "visits"."id" = ? LIMIT ?[0m  [["id", 5], ["LIMIT", 1]]
[active_model_serializers]   ↳ app/controllers/items_controller.rb:8:in `index'
[active_model_serializers]   [1m[36mCACHE Visit Load (0.0ms)[0m  [1m[34mSELECT "visits".* FROM "visits" WHERE "visits"."id" = ? LIMIT ?[0m  [["id", 5], ["LIMIT", 1]]
[active_model_serializers]   ↳ app/controllers/items_controller.rb:8:in `index'
[active_model_serializers]   [1m[36mCACHE Visit Load (0.0ms)[0m  [1m[34mSELECT "visits".* FROM "visits" WHERE "visits"."id" = ? LIMIT ?[0m  [["id", 5], ["LIMIT", 1]]
[active_model_serializers]   ↳ app/controllers/items_controller.rb:8:in `index'
[active_model_serializers]   [1m[36mVisit Load (0.2ms)[0m  [1m[34mSELECT "visits".* FROM "visits" WHERE "visits"."id" = ? LIMIT ?[0m  [["id", 6], ["LIMIT", 1]]
[active_model_serializers]   ↳ app/controllers/items_controller.rb:8:in `index'
[active_model_serializers]   [1m[36mCACHE Visit Load (0.1ms)[0m  [1m[34mSELECT "visits".* FROM "visits" WHERE "visits"."id" = ? LIMIT ?[0m  [["id", 6], ["LIMIT", 1]]
[active_model_serializers]   ↳ app/controllers/items_controller.rb:8:in `index'
[active_model_serializers]   [1m[36mCACHE Visit Load (0.0ms)[0m  [1m[34mSELECT "visits".* FROM "visits" WHERE "visits"."id" = ? LIMIT ?[0m  [["id", 6], ["LIMIT", 1]]
[active_model_serializers]   ↳ app/controllers/items_controller.rb:8:in `index'
[active_model_serializers] Rendered ActiveModel::Serializer::CollectionSerializer with ActiveModelSerializers::Adapter::Attributes (403.49ms)
Completed 200 OK in 537ms (Views: 474.0ms | ActiveRecord: 34.0ms | Allocations: 44249)


Started GET "/visits" for ::1 at 2020-07-09 07:49:13 -0400
Processing by VisitsController#index as HTML
  [1m[36mVisit Load (0.4ms)[0m  [1m[34mSELECT "visits".* FROM "visits"[0m
  ↳ app/controllers/visits_controller.rb:8:in `index'
[active_model_serializers]   [1m[36mItem Load (1.6ms)[0m  [1m[34mSELECT "items".* FROM "items" WHERE "items"."visit_id" = ?[0m  [["visit_id", 1]]
[active_model_serializers]   ↳ app/controllers/visits_controller.rb:8:in `index'
[active_model_serializers]   [1m[36mItem Load (0.5ms)[0m  [1m[34mSELECT "items".* FROM "items" WHERE "items"."visit_id" = ?[0m  [["visit_id", 2]]
[active_model_serializers]   ↳ app/controllers/visits_controller.rb:8:in `index'
[active_model_serializers]   [1m[36mItem Load (2.0ms)[0m  [1m[34mSELECT "items".* FROM "items" WHERE "items"."visit_id" = ?[0m  [["visit_id", 3]]
[active_model_serializers]   ↳ app/controllers/visits_controller.rb:8:in `index'
[active_model_serializers]   [1m[36mItem Load (2.0ms)[0m  [1m[34mSELECT "items".* FROM "items" WHERE "items"."visit_id" = ?[0m  [["visit_id", 4]]
[active_model_serializers]   ↳ app/controllers/visits_controller.rb:8:in `index'
[active_model_serializers]   [1m[36mItem Load (0.4ms)[0m  [1m[34mSELECT "items".* FROM "items" WHERE "items"."visit_id" = ?[0m  [["visit_id", 5]]
[active_model_serializers]   ↳ app/controllers/visits_controller.rb:8:in `index'
[active_model_serializers]   [1m[36mItem Load (0.3ms)[0m  [1m[34mSELECT "items".* FROM "items" WHERE "items"."visit_id" = ?[0m  [["visit_id", 6]]
[active_model_serializers]   ↳ app/controllers/visits_controller.rb:8:in `index'
[active_model_serializers] Rendered ActiveModel::Serializer::CollectionSerializer with ActiveModelSerializers::Adapter::Attributes (82.63ms)
Completed 200 OK in 88ms (Views: 79.9ms | ActiveRecord: 7.3ms | Allocations: 13387)


Started GET "/" for ::1 at 2020-07-09 08:08:26 -0400
  [1m[35m (7.7ms)[0m  [1m[34mSELECT sqlite_version(*)[0m
  [1m[35m (0.6ms)[0m  [1m[34mSELECT "schema_migrations"."version" FROM "schema_migrations" ORDER BY "schema_migrations"."version" ASC[0m
Processing by Rails::WelcomeController#index as HTML
  Rendering /Users/user/.rvm/gems/ruby-2.6.1/gems/railties-6.0.3.2/lib/rails/templates/rails/welcome/index.html.erb
  Rendered /Users/user/.rvm/gems/ruby-2.6.1/gems/railties-6.0.3.2/lib/rails/templates/rails/welcome/index.html.erb (Duration: 32.5ms | Allocations: 480)
Completed 200 OK in 80ms (Views: 57.7ms | ActiveRecord: 0.0ms | Allocations: 2632)


Started GET "/visits" for ::1 at 2020-07-09 09:31:35 -0400
  [1m[35m (0.4ms)[0m  [1m[34mSELECT sqlite_version(*)[0m
Processing by VisitsController#index as */*
  [1m[36mVisit Load (0.8ms)[0m  [1m[34mSELECT "visits".* FROM "visits"[0m
  ↳ app/controllers/visits_controller.rb:8:in `index'
[active_model_serializers]   [1m[36mItem Load (1.4ms)[0m  [1m[34mSELECT "items".* FROM "items" WHERE "items"."visit_id" = ?[0m  [["visit_id", 1]]
[active_model_serializers]   ↳ app/controllers/visits_controller.rb:8:in `index'
[active_model_serializers]   [1m[36mItem Load (0.3ms)[0m  [1m[34mSELECT "items".* FROM "items" WHERE "items"."visit_id" = ?[0m  [["visit_id", 2]]
[active_model_serializers]   ↳ app/controllers/visits_controller.rb:8:in `index'
[active_model_serializers]   [1m[36mItem Load (0.2ms)[0m  [1m[34mSELECT "items".* FROM "items" WHERE "items"."visit_id" = ?[0m  [["visit_id", 3]]
[active_model_serializers]   ↳ app/controllers/visits_controller.rb:8:in `index'
[active_model_serializers]   [1m[36mItem Load (0.4ms)[0m  [1m[34mSELECT "items".* FROM "items" WHERE "items"."visit_id" = ?[0m  [["visit_id", 4]]
[active_model_serializers]   ↳ app/controllers/visits_controller.rb:8:in `index'
[active_model_serializers]   [1m[36mItem Load (0.4ms)[0m  [1m[34mSELECT "items".* FROM "items" WHERE "items"."visit_id" = ?[0m  [["visit_id", 5]]
[active_model_serializers]   ↳ app/controllers/visits_controller.rb:8:in `index'
[active_model_serializers]   [1m[36mItem Load (0.3ms)[0m  [1m[34mSELECT "items".* FROM "items" WHERE "items"."visit_id" = ?[0m  [["visit_id", 6]]
[active_model_serializers]   ↳ app/controllers/visits_controller.rb:8:in `index'
[active_model_serializers] Rendered ActiveModel::Serializer::CollectionSerializer with ActiveModelSerializers::Adapter::Attributes (90.07ms)
Completed 200 OK in 285ms (Views: 238.5ms | ActiveRecord: 6.8ms | Allocations: 27857)


Started GET "/visits" for ::1 at 2020-07-09 09:32:20 -0400
Processing by VisitsController#index as */*
  [1m[36mVisit Load (0.5ms)[0m  [1m[34mSELECT "visits".* FROM "visits"[0m
  ↳ app/controllers/visits_controller.rb:8:in `index'
[active_model_serializers]   [1m[36mItem Load (0.2ms)[0m  [1m[34mSELECT "items".* FROM "items" WHERE "items"."visit_id" = ?[0m  [["visit_id", 1]]
[active_model_serializers]   ↳ app/controllers/visits_controller.rb:8:in `index'
[active_model_serializers]   [1m[36mItem Load (0.3ms)[0m  [1m[34mSELECT "items".* FROM "items" WHERE "items"."visit_id" = ?[0m  [["visit_id", 2]]
[active_model_serializers]   ↳ app/controllers/visits_controller.rb:8:in `index'
[active_model_serializers]   [1m[36mItem Load (0.3ms)[0m  [1m[34mSELECT "items".* FROM "items" WHERE "items"."visit_id" = ?[0m  [["visit_id", 3]]
[active_model_serializers]   ↳ app/controllers/visits_controller.rb:8:in `index'
[active_model_serializers]   [1m[36mItem Load (0.3ms)[0m  [1m[34mSELECT "items".* FROM "items" WHERE "items"."visit_id" = ?[0m  [["visit_id", 4]]
[active_model_serializers]   ↳ app/controllers/visits_controller.rb:8:in `index'
[active_model_serializers]   [1m[36mItem Load (0.3ms)[0m  [1m[34mSELECT "items".* FROM "items" WHERE "items"."visit_id" = ?[0m  [["visit_id", 5]]
[active_model_serializers]   ↳ app/controllers/visits_controller.rb:8:in `index'
[active_model_serializers]   [1m[36mItem Load (0.5ms)[0m  [1m[34mSELECT "items".* FROM "items" WHERE "items"."visit_id" = ?[0m  [["visit_id", 6]]
[active_model_serializers]   ↳ app/controllers/visits_controller.rb:8:in `index'
[active_model_serializers] Rendered ActiveModel::Serializer::CollectionSerializer with ActiveModelSerializers::Adapter::Attributes (127.5ms)
Completed 200 OK in 134ms (Views: 130.2ms | ActiveRecord: 2.4ms | Allocations: 12344)


Started GET "/visits" for ::1 at 2020-07-09 09:32:28 -0400
Processing by VisitsController#index as */*
  [1m[36mVisit Load (0.6ms)[0m  [1m[34mSELECT "visits".* FROM "visits"[0m
  ↳ app/controllers/visits_controller.rb:8:in `index'
[active_model_serializers]   [1m[36mItem Load (0.3ms)[0m  [1m[34mSELECT "items".* FROM "items" WHERE "items"."visit_id" = ?[0m  [["visit_id", 1]]
[active_model_serializers]   ↳ app/controllers/visits_controller.rb:8:in `index'
[active_model_serializers]   [1m[36mItem Load (0.3ms)[0m  [1m[34mSELECT "items".* FROM "items" WHERE "items"."visit_id" = ?[0m  [["visit_id", 2]]
[active_model_serializers]   ↳ app/controllers/visits_controller.rb:8:in `index'
[active_model_serializers]   [1m[36mItem Load (0.4ms)[0m  [1m[34mSELECT "items".* FROM "items" WHERE "items"."visit_id" = ?[0m  [["visit_id", 3]]
[active_model_serializers]   ↳ app/controllers/visits_controller.rb:8:in `index'
[active_model_serializers]   [1m[36mItem Load (0.3ms)[0m  [1m[34mSELECT "items".* FROM "items" WHERE "items"."visit_id" = ?[0m  [["visit_id", 4]]
[active_model_serializers]   ↳ app/controllers/visits_controller.rb:8:in `index'
[active_model_serializers]   [1m[36mItem Load (0.4ms)[0m  [1m[34mSELECT "items".* FROM "items" WHERE "items"."visit_id" = ?[0m  [["visit_id", 5]]
[active_model_serializers]   ↳ app/controllers/visits_controller.rb:8:in `index'
[active_model_serializers]   [1m[36mItem Load (1.8ms)[0m  [1m[34mSELECT "items".* FROM "items" WHERE "items"."visit_id" = ?[0m  [["visit_id", 6]]
[active_model_serializers]   ↳ app/controllers/visits_controller.rb:8:in `index'
[active_model_serializers] Rendered ActiveModel::Serializer::CollectionSerializer with ActiveModelSerializers::Adapter::Attributes (72.15ms)
Completed 200 OK in 78ms (Views: 73.2ms | ActiveRecord: 3.9ms | Allocations: 12344)


Started GET "/visits" for ::1 at 2020-07-09 09:32:56 -0400
Processing by VisitsController#index as */*
  [1m[36mVisit Load (0.3ms)[0m  [1m[34mSELECT "visits".* FROM "visits"[0m
  ↳ app/controllers/visits_controller.rb:8:in `index'
[active_model_serializers]   [1m[36mItem Load (0.2ms)[0m  [1m[34mSELECT "items".* FROM "items" WHERE "items"."visit_id" = ?[0m  [["visit_id", 1]]
[active_model_serializers]   ↳ app/controllers/visits_controller.rb:8:in `index'
[active_model_serializers]   [1m[36mItem Load (0.3ms)[0m  [1m[34mSELECT "items".* FROM "items" WHERE "items"."visit_id" = ?[0m  [["visit_id", 2]]
[active_model_serializers]   ↳ app/controllers/visits_controller.rb:8:in `index'
[active_model_serializers]   [1m[36mItem Load (0.4ms)[0m  [1m[34mSELECT "items".* FROM "items" WHERE "items"."visit_id" = ?[0m  [["visit_id", 3]]
[active_model_serializers]   ↳ app/controllers/visits_controller.rb:8:in `index'
[active_model_serializers]   [1m[36mItem Load (0.7ms)[0m  [1m[34mSELECT "items".* FROM "items" WHERE "items"."visit_id" = ?[0m  [["visit_id", 4]]
[active_model_serializers]   ↳ app/controllers/visits_controller.rb:8:in `index'
[active_model_serializers]   [1m[36mItem Load (0.3ms)[0m  [1m[34mSELECT "items".* FROM "items" WHERE "items"."visit_id" = ?[0m  [["visit_id", 5]]
[active_model_serializers]   ↳ app/controllers/visits_controller.rb:8:in `index'
[active_model_serializers]   [1m[36mItem Load (0.3ms)[0m  [1m[34mSELECT "items".* FROM "items" WHERE "items"."visit_id" = ?[0m  [["visit_id", 6]]
[active_model_serializers]   ↳ app/controllers/visits_controller.rb:8:in `index'
[active_model_serializers] Rendered ActiveModel::Serializer::CollectionSerializer with ActiveModelSerializers::Adapter::Attributes (60.68ms)
Completed 200 OK in 72ms (Views: 66.2ms | ActiveRecord: 2.5ms | Allocations: 12344)


  [1m[35m (1.2ms)[0m  [1m[34mSELECT sqlite_version(*)[0m
  [1m[36mVisit Load (0.8ms)[0m  [1m[34mSELECT "visits".* FROM "visits" WHERE "visits"."id" = ? LIMIT ?[0m  [["id", 2], ["LIMIT", 1]]
  [1m[35m (0.1ms)[0m  [1m[36mbegin transaction[0m
  [1m[36mVisit Update (0.6ms)[0m  [1m[33mUPDATE "visits" SET "completed" = ?, "updated_at" = ? WHERE "visits"."id" = ?[0m  [["completed", 1], ["updated_at", "2020-07-09 13:34:48.437569"], ["id", 2]]
  [1m[35m (3.1ms)[0m  [1m[36mcommit transaction[0m
  [1m[36mVisit Load (0.3ms)[0m  [1m[34mSELECT "visits".* FROM "visits" WHERE "visits"."id" = ? LIMIT ?[0m  [["id", 4], ["LIMIT", 1]]
  [1m[35m (0.1ms)[0m  [1m[36mbegin transaction[0m
  [1m[36mVisit Update (0.5ms)[0m  [1m[33mUPDATE "visits" SET "completed" = ?, "updated_at" = ? WHERE "visits"."id" = ?[0m  [["completed", 1], ["updated_at", "2020-07-09 13:34:59.437025"], ["id", 4]]
  [1m[35m (3.1ms)[0m  [1m[36mcommit transaction[0m
Started GET "/visits" for ::1 at 2020-07-09 09:35:18 -0400
  [1m[35m (1.5ms)[0m  [1m[34mSELECT sqlite_version(*)[0m
  [1m[35m (1.6ms)[0m  [1m[34mSELECT "schema_migrations"."version" FROM "schema_migrations" ORDER BY "schema_migrations"."version" ASC[0m
Processing by VisitsController#index as */*
  [1m[36mVisit Load (0.3ms)[0m  [1m[34mSELECT "visits".* FROM "visits"[0m
  ↳ app/controllers/visits_controller.rb:8:in `index'
[active_model_serializers]   [1m[36mItem Load (0.3ms)[0m  [1m[34mSELECT "items".* FROM "items" WHERE "items"."visit_id" = ?[0m  [["visit_id", 1]]
[active_model_serializers]   ↳ app/controllers/visits_controller.rb:8:in `index'
[active_model_serializers]   [1m[36mItem Load (0.2ms)[0m  [1m[34mSELECT "items".* FROM "items" WHERE "items"."visit_id" = ?[0m  [["visit_id", 2]]
[active_model_serializers]   ↳ app/controllers/visits_controller.rb:8:in `index'
[active_model_serializers]   [1m[36mItem Load (0.3ms)[0m  [1m[34mSELECT "items".* FROM "items" WHERE "items"."visit_id" = ?[0m  [["visit_id", 3]]
[active_model_serializers]   ↳ app/controllers/visits_controller.rb:8:in `index'
[active_model_serializers]   [1m[36mItem Load (0.3ms)[0m  [1m[34mSELECT "items".* FROM "items" WHERE "items"."visit_id" = ?[0m  [["visit_id", 4]]
[active_model_serializers]   ↳ app/controllers/visits_controller.rb:8:in `index'
[active_model_serializers]   [1m[36mItem Load (0.7ms)[0m  [1m[34mSELECT "items".* FROM "items" WHERE "items"."visit_id" = ?[0m  [["visit_id", 5]]
[active_model_serializers]   ↳ app/controllers/visits_controller.rb:8:in `index'
[active_model_serializers]   [1m[36mItem Load (0.5ms)[0m  [1m[34mSELECT "items".* FROM "items" WHERE "items"."visit_id" = ?[0m  [["visit_id", 6]]
[active_model_serializers]   ↳ app/controllers/visits_controller.rb:8:in `index'
[active_model_serializers] Rendered ActiveModel::Serializer::CollectionSerializer with ActiveModelSerializers::Adapter::Attributes (135.04ms)
Completed 200 OK in 217ms (Views: 200.8ms | ActiveRecord: 4.8ms | Allocations: 27802)


